<?xml version="1.0" encoding="UTF-8"?>
<testng-results skipped="0" failed="0" ignored="0" total="1" passed="1">
  <reporter-output>
  </reporter-output>
  <suite name="Command line suite" duration-ms="25" started-at="2022-07-28T05:53:52Z" finished-at="2022-07-28T05:53:52Z">
    <groups>
    </groups>
    <test name="Command line test" duration-ms="25" started-at="2022-07-28T05:53:52Z" finished-at="2022-07-28T05:53:52Z">
      <class name="bdd.apiFramework.AppTest">
        <test-method status="PASS" signature="testApp()" name="testApp" duration-ms="9" started-at="2022-07-28T05:53:52Z" finished-at="2022-07-28T05:53:52Z">
          <reporter-output>
          </reporter-output>
        </test-method> <!-- testApp -->
      </class> <!-- bdd.apiFramework.AppTest -->
    </test> <!-- Command line test -->
  </suite> <!-- Command line suite -->
</testng-results>
